<?xml version="1.0" encoding="UTF-8"?>
<!-- Generated by org.testng.reporters.JUnitReportReporter -->
<testsuite hostname="DESKTOP-0APH7OI" failures="0" tests="4" name="com.soumya.qa.testcases.Login" time="26.586" errors="0" timestamp="2024-01-07T13:08:21 IST" skipped="0">
  <testcase classname="com.soumya.qa.testcases.Login" name="verifyLoginWithInvalidCredentials" time="6.037"/>
  <system-out/>
  <testcase classname="com.soumya.qa.testcases.Login" name="verifyLoginWithValidCredentials" time="6.035"/>
  <system-out/>
  <testcase classname="com.soumya.qa.testcases.Login" name="verifyLoginWithInvalidEmailAndPassword" time="8.155"/>
  <system-out/>
  <testcase classname="com.soumya.qa.testcases.Login" name="verifyLoginWithValidEmailIdAndInvalidPassword" time="6.359"/>
  <system-out/>
</testsuite> <!-- com.soumya.qa.testcases.Login -->
